#
# A fatal error has been detected by the Java Runtime Environment:
#
#  SIGSEGV (0xb) at pc=0x000000010e218908, pid=3991, tid=16643
#
# JRE version: Java(TM) SE Runtime Environment (8.0_65-b17) (build 1.8.0_65-b17)
# Java VM: Java HotSpot(TM) 64-Bit Server VM (25.65-b01 mixed mode bsd-amd64 compressed oops)
# Problematic frame:
# V  [libjvm.dylib+0x446908]
#
# Failed to write core dump. Core dumps have been disabled. To enable core dumping, try "ulimit -c unlimited" before starting Java again
#
# If you would like to submit a bug report, please visit:
#   http://bugreport.java.com/bugreport/crash.jsp
#

---------------  T H R E A D  ---------------

Current thread (0x00007fb4cb84d800):  JavaThread "JDWP Transport Listener: dt_socket" daemon [_thread_in_vm, id=16643, stack(0x00007000009b8000,0x0000700000ab8000)]

siginfo: si_signo: 11 (SIGSEGV), si_code: 0 (unknown), si_addr: 0x0000000000000000

Registers:
RAX=0x0000000000000001, RBX=0x0000700000ab7a8b, RCX=0x000000010e5e7310, RDX=0x0000700000ab7a8b
RSP=0x0000700000ab79d0, RBP=0x0000700000ab79e0, RSI=0x00007fb4cb84d800, RDI=0x6f72502449556369
R8 =0x0000000000000000, R9 =0x00007fb4cdd7adc0, R10=0x00000000ff851e96, R11=0x00007fb4cb500000
R12=0x00007fb4cb84d800, R13=0x6f72502449556369, R14=0x6f72502449556369, R15=0x00007fb4cb40a130
RIP=0x000000010e218908, EFLAGS=0x0000000000010206, ERR=0x0000000000000000
  TRAPNO=0x000000000000000d

Top of Stack: (sp=0x0000700000ab79d0)
0x0000700000ab79d0:   0000700000ab7a8b 0000700000ab7a8b
0x0000700000ab79e0:   0000700000ab7a40 000000010e127a02
0x0000700000ab79f0:   00007fb4cb84d800 0000000000000000
0x0000700000ab7a00:   0000000000000000 0000000000000000
0x0000700000ab7a10:   00007fb4cb84d800 00007fb4cb84d800
0x0000700000ab7a20:   0000700000ab7a8b 0000700000ab7a90
0x0000700000ab7a30:   6f72502449556369 0000000000000005
0x0000700000ab7a40:   0000700000ab7a60 000000010edbf780
0x0000700000ab7a50:   0000000000000001 0000700000ab7b08
0x0000700000ab7a60:   0000700000ab7ad0 000000010eda41f3
0x0000700000ab7a70:   0000700000ab7aa0 00007fb4cb53dca0
0x0000700000ab7a80:   0000000a00000032 0000000a00ab7b08
0x0000700000ab7a90:   0000000000000000 0000000000000000
0x0000700000ab7aa0:   0000000000000000 0000700000ab7c90
0x0000700000ab7ab0:   000000010edc6e7a 00007fb4cddefa00
0x0000700000ab7ac0:   0000700000ab7b08 000000010edd2598
0x0000700000ab7ad0:   0000700000ab7ae0 000000010eda42ec
0x0000700000ab7ae0:   0000700000ab7d00 000000010edad898
0x0000700000ab7af0:   0000d05900000013 00000000000f0200
0x0000700000ab7b00:   00007fb4cdd78ee0 0000700000ab7c5e
0x0000700000ab7b10:   00007fb400000026 0000700000ab7b20
0x0000700000ab7b20:   00007fb400000106 0000700000ab7b58
0x0000700000ab7b30:   0000000000000000 0000000000000000
0x0000700000ab7b40:   0000d0590000001c 0000000000000080
0x0000700000ab7b50:   0000700000ab7b58 b47f00000a000000
0x0000700000ab7b60:   06000000488d43cb 00003e74696e693c
0x0000700000ab7b70:   0000005629280300 7f00000100000000
0x0000700000ab7b80:   000000688d43cbb4 6d6f4374696e690e
0x0000700000ab7b90:   0073746e656e6f70 0000562928030000
0x0000700000ab7ba0:   0000020000000000 0000708d43cbb47f
0x0000700000ab7bb0:   6261546464611300 6c436e6f74747542
0x0000700000ab7bc0:   00000064656b6369 2f6176616a4c281e 

Instructions: (pc=0x000000010e218908)
0x000000010e2188e8:   40 48 48 85 c0 75 e0 30 c0 0f b6 c0 5d c3 31 c0
0x000000010e2188f8:   5d c3 55 48 89 e5 53 48 83 ec 08 48 85 ff 74 24
0x000000010e218908:   48 8b 1f 48 85 db 74 1c 48 83 fb 37 74 16 48 8b
0x000000010e218918:   03 48 89 df ff 50 10 84 c0 b8 00 00 00 00 48 0f 

Register to memory mapping:

RAX=0x0000000000000001 is an unknown value
RBX=0x0000700000ab7a8b is pointing into the stack for thread: 0x00007fb4cb84d800
RCX=0x000000010e5e7310: UseMembar+0 in /Library/Java/JavaVirtualMachines/jdk1.8.0_65.jdk/Contents/Home/jre/lib/server/libjvm.dylib at 0x000000010ddd2000
RDX=0x0000700000ab7a8b is pointing into the stack for thread: 0x00007fb4cb84d800
RSP=0x0000700000ab79d0 is pointing into the stack for thread: 0x00007fb4cb84d800
RBP=0x0000700000ab79e0 is pointing into the stack for thread: 0x00007fb4cb84d800
RSI=0x00007fb4cb84d800 is a thread
RDI=0x6f72502449556369 is an unknown value
R8 =0x0000000000000000 is an unknown value
R9 =0x00007fb4cdd7adc0 is an unknown value
R10=0x00000000ff851e96 is an unknown value
R11=0x00007fb4cb500000 is an unknown value
R12=0x00007fb4cb84d800 is a thread
R13=0x6f72502449556369 is an unknown value
R14=0x6f72502449556369 is an unknown value
R15=0x00007fb4cb40a130 is an unknown value


Stack: [0x00007000009b8000,0x0000700000ab8000],  sp=0x0000700000ab79d0,  free space=1022k
Native frames: (J=compiled Java code, j=interpreted, Vv=VM code, C=native code)
V  [libjvm.dylib+0x446908]
V  [libjvm.dylib+0x355a02]
C  [libjdwp.dylib+0x20780]  isMethodSynthetic+0x63
C  [libjdwp.dylib+0x51f3]  methods1+0x10b
C  [libjdwp.dylib+0x52ec]  methodsWithGeneric+0xe
C  [libjdwp.dylib+0xe898]  debugLoop_run+0x1ce
C  [libjdwp.dylib+0x1f6ba]  attachThread+0x4d
V  [libjvm.dylib+0x396d60]
V  [libjvm.dylib+0x5612d3]
V  [libjvm.dylib+0x5629ce]
V  [libjvm.dylib+0x48342e]
C  [libsystem_pthread.dylib+0x399d]  _pthread_body+0x83
C  [libsystem_pthread.dylib+0x391a]  _pthread_body+0x0
C  [libsystem_pthread.dylib+0x1351]  thread_start+0xd
C  0x0000000000000000


---------------  P R O C E S S  ---------------

Java Threads: ( => current thread )
  0x00007fb4cbb91000 JavaThread "Java2D Disposer" daemon [_thread_blocked, id=54031, stack(0x000070000155f000,0x000070000165f000)]
  0x00007fb4cbb2c800 JavaThread "Java2D Queue Flusher" daemon [_thread_blocked, id=51207, stack(0x000070000145c000,0x000070000155c000)]
  0x00007fb4cbb28800 JavaThread "DestroyJavaVM" [_thread_blocked, id=4099, stack(0x0000700000084000,0x0000700000184000)]
  0x00007fb4cc30d000 JavaThread "AWT-EventQueue-0" [_thread_blocked, id=43835, stack(0x0000700001359000,0x0000700001459000)]
  0x00007fb4cba74800 JavaThread "AWT-Shutdown" [_thread_blocked, id=30735, stack(0x00007000011d3000,0x00007000012d3000)]
  0x00007fb4cb913000 JavaThread "AppKit Thread" daemon [_thread_in_native, id=2571, stack(0x00007fff518aa000,0x00007fff520aa000)]
  0x00007fb4cc078000 JavaThread "Service Thread" daemon [_thread_blocked, id=19203, stack(0x0000700000ec7000,0x0000700000fc7000)]
  0x00007fb4cc077800 JavaThread "C1 CompilerThread1" daemon [_thread_blocked, id=18691, stack(0x0000700000dc4000,0x0000700000ec4000)]
  0x00007fb4cb84e800 JavaThread "C2 CompilerThread0" daemon [_thread_blocked, id=18179, stack(0x0000700000cc1000,0x0000700000dc1000)]
  0x00007fb4cc06d000 JavaThread "JDWP Command Reader" daemon [_thread_in_native, id=17667, stack(0x0000700000bbe000,0x0000700000cbe000)]
  0x00007fb4cc06c800 JavaThread "JDWP Event Helper Thread" daemon [_thread_blocked, id=17155, stack(0x0000700000abb000,0x0000700000bbb000)]
=>0x00007fb4cb84d800 JavaThread "JDWP Transport Listener: dt_socket" daemon [_thread_in_vm, id=16643, stack(0x00007000009b8000,0x0000700000ab8000)]
  0x00007fb4cb843800 JavaThread "Signal Dispatcher" daemon [_thread_blocked, id=16135, stack(0x00007000008b5000,0x00007000009b5000)]
  0x00007fb4cc064000 JavaThread "Finalizer" daemon [_thread_blocked, id=11267, stack(0x0000700000629000,0x0000700000729000)]
  0x00007fb4cc05d800 JavaThread "Reference Handler" daemon [_thread_blocked, id=10755, stack(0x0000700000526000,0x0000700000626000)]

Other Threads:
  0x00007fb4cc05b000 VMThread [stack: 0x0000700000423000,0x0000700000523000] [id=10243]
  0x00007fb4cb84c800 WatcherThread [stack: 0x0000700000fca000,0x00007000010ca000] [id=19715]

VM state:not at safepoint (normal execution)

VM Mutex/Monitor currently owned by a thread: None

Heap:
 PSYoungGen      total 38400K, used 23796K [0x0000000795580000, 0x0000000798000000, 0x00000007c0000000)
  eden space 33280K, 56% used [0x0000000795580000,0x00000007967c0368,0x0000000797600000)
  from space 5120K, 99% used [0x0000000797600000,0x0000000797afd000,0x0000000797b00000)
  to   space 5120K, 0% used [0x0000000797b00000,0x0000000797b00000,0x0000000798000000)
 ParOldGen       total 87552K, used 961K [0x0000000740000000, 0x0000000745580000, 0x0000000795580000)
  object space 87552K, 1% used [0x0000000740000000,0x00000007400f0550,0x0000000745580000)
 Metaspace       used 15345K, capacity 15580K, committed 15872K, reserved 1062912K
  class space    used 1875K, capacity 1974K, committed 2048K, reserved 1048576K

Card table byte_map: [0x000000011e5c9000,0x000000011e9ca000] byte_map_base: 0x000000011abc9000

Marking Bits: (ParMarkBitMap*) 0x000000010e6b0e20
 Begin Bits: [0x000000011ec75000, 0x0000000120c75000)
 End Bits:   [0x0000000120c75000, 0x0000000122c75000)

Polling page: 0x000000010ed9e000

CodeCache: size=245760Kb used=5063Kb max_used=5067Kb free=240696Kb
 bounds [0x000000010f209000, 0x000000010f709000, 0x000000011e209000]
 total_blobs=1796 nmethods=1295 adapters=425
 compilation: enabled

Compilation events (10 events):
Event: 103.715 Thread 0x00007fb4cc077800 1302       3       sun.net.www.http.ChunkedInputStream::readAhead (45 bytes)
Event: 103.716 Thread 0x00007fb4cc077800 nmethod 1302 0x000000010f6f9450 code [0x000000010f6f95e0, 0x000000010f6f9898]
Event: 103.716 Thread 0x00007fb4cc077800 1303       3       java.io.FilterInputStream::read (11 bytes)
Event: 103.716 Thread 0x00007fb4cc077800 nmethod 1303 0x000000010f6f8fd0 code [0x000000010f6f9140, 0x000000010f6f9388]
Event: 103.732 Thread 0x00007fb4cc077800 1304       3       java.lang.AbstractStringBuilder::append (40 bytes)
Event: 103.734 Thread 0x00007fb4cc077800 nmethod 1304 0x000000010f6f88d0 code [0x000000010f6f8a60, 0x000000010f6f8e58]
Event: 104.187 Thread 0x00007fb4cc077800 1305   !   3       sun.nio.cs.StreamDecoder::readBytes (289 bytes)
Event: 104.188 Thread 0x00007fb4cc077800 nmethod 1305 0x000000010f6ffd10 code [0x000000010f6fffc0, 0x000000010f7012c8]
Event: 104.188 Thread 0x00007fb4cc077800 1306       3       java.nio.HeapByteBuffer::compact (52 bytes)
Event: 104.189 Thread 0x00007fb4cc077800 nmethod 1306 0x000000010f6fe450 code [0x000000010f6fe600, 0x000000010f6fee48]

GC Heap History (2 events):
Event: 17.163 GC heap before
{Heap before GC invocations=1 (full 0):
 PSYoungGen      total 38400K, used 33280K [0x0000000795580000, 0x0000000798000000, 0x00000007c0000000)
  eden space 33280K, 100% used [0x0000000795580000,0x0000000797600000,0x0000000797600000)
  from space 5120K, 0% used [0x0000000797b00000,0x0000000797b00000,0x0000000798000000)
  to   space 5120K, 0% used [0x0000000797600000,0x0000000797600000,0x0000000797b00000)
 ParOldGen       total 87552K, used 0K [0x0000000740000000, 0x0000000745580000, 0x0000000795580000)
  object space 87552K, 0% used [0x0000000740000000,0x0000000740000000,0x0000000745580000)
 Metaspace       used 15122K, capacity 15338K, committed 15616K, reserved 1062912K
  class space    used 1857K, capacity 1939K, committed 2048K, reserved 1048576K
Event: 17.183 GC heap after
Heap after GC invocations=1 (full 0):
 PSYoungGen      total 38400K, used 5108K [0x0000000795580000, 0x0000000798000000, 0x00000007c0000000)
  eden space 33280K, 0% used [0x0000000795580000,0x0000000795580000,0x0000000797600000)
  from space 5120K, 99% used [0x0000000797600000,0x0000000797afd000,0x0000000797b00000)
  to   space 5120K, 0% used [0x0000000797b00000,0x0000000797b00000,0x0000000798000000)
 ParOldGen       total 87552K, used 961K [0x0000000740000000, 0x0000000745580000, 0x0000000795580000)
  object space 87552K, 1% used [0x0000000740000000,0x00000007400f0550,0x0000000745580000)
 Metaspace       used 15122K, capacity 15338K, committed 15616K, reserved 1062912K
  class space    used 1857K, capacity 1939K, committed 2048K, reserved 1048576K
}

Deoptimization events (7 events):
Event: 2.413 Thread 0x00007fb4cc30d000 Uncommon trap: reason=unstable_if action=reinterpret pc=0x000000010f3e4118 method=java.lang.String.toLowerCase(Ljava/util/Locale;)Ljava/lang/String; @ 85
Event: 2.414 Thread 0x00007fb4cc30d000 Uncommon trap: reason=unstable_if action=reinterpret pc=0x000000010f3cf608 method=java.lang.String.indexOf([CII[CIII)I @ 3
Event: 2.748 Thread 0x00007fb4cc30d000 Uncommon trap: reason=unstable_if action=reinterpret pc=0x000000010f458b50 method=java.io.ByteArrayInputStream.read()I @ 8
Event: 3.018 Thread 0x00007fb4cc30d000 Uncommon trap: reason=unstable_if action=reinterpret pc=0x000000010f4458d0 method=java.lang.CharacterDataLatin1.digit(II)I @ 82
Event: 3.270 Thread 0x00007fb4cc30d000 Uncommon trap: reason=unstable_if action=reinterpret pc=0x000000010f445df4 method=java.lang.CharacterDataLatin1.digit(II)I @ 82
Event: 3.394 Thread 0x00007fb4cc30d000 Uncommon trap: reason=unstable_if action=reinterpret pc=0x000000010f4eaf58 method=java.lang.String.indexOf([CII[CIII)I @ 27
Event: 17.968 Thread 0x00007fb4cc30d000 Uncommon trap: reason=unstable_if action=reinterpret pc=0x000000010f624604 method=sun.nio.cs.UTF_8$Decoder.decodeArrayLoop(Ljava/nio/ByteBuffer;Ljava/nio/CharBuffer;)Ljava/nio/charset/CoderResult; @ 128

Internal exceptions (10 events):
Event: 0.059 Thread 0x00007fb4cc004000 Exception <a 'java/lang/NoSuchMethodError': Method sun.misc.Unsafe.defineClass(Ljava/lang/String;[BII)Ljava/lang/Class; name or signature does not match> (0x0000000795592d70) thrown at [/Users/java_re/workspace/8-2-build-macosx-x86_64/jdk8u65/4987/hotspot
Event: 0.059 Thread 0x00007fb4cc004000 Exception <a 'java/lang/NoSuchMethodError': Method sun.misc.Unsafe.prefetchRead(Ljava/lang/Object;J)V name or signature does not match> (0x0000000795593058) thrown at [/Users/java_re/workspace/8-2-build-macosx-x86_64/jdk8u65/4987/hotspot/src/share/vm/prim
Event: 0.422 Thread 0x00007fb4cc004000 Exception <a 'java/security/PrivilegedActionException'> (0x000000079560c100) thrown at [/Users/java_re/workspace/8-2-build-macosx-x86_64/jdk8u65/4987/hotspot/src/share/vm/prims/jvm.cpp, line 1386]
Event: 0.422 Thread 0x00007fb4cc004000 Exception <a 'java/security/PrivilegedActionException'> (0x000000079560c310) thrown at [/Users/java_re/workspace/8-2-build-macosx-x86_64/jdk8u65/4987/hotspot/src/share/vm/prims/jvm.cpp, line 1386]
Event: 0.423 Thread 0x00007fb4cc004000 Exception <a 'java/security/PrivilegedActionException'> (0x000000079560f5b0) thrown at [/Users/java_re/workspace/8-2-build-macosx-x86_64/jdk8u65/4987/hotspot/src/share/vm/prims/jvm.cpp, line 1386]
Event: 0.423 Thread 0x00007fb4cc004000 Exception <a 'java/security/PrivilegedActionException'> (0x000000079560f7c0) thrown at [/Users/java_re/workspace/8-2-build-macosx-x86_64/jdk8u65/4987/hotspot/src/share/vm/prims/jvm.cpp, line 1386]
Event: 0.502 Thread 0x00007fb4cc004000 Exception <a 'java/lang/NoSuchFieldError': method resolution failed> (0x00000007958d01e0) thrown at [/Users/java_re/workspace/8-2-build-macosx-x86_64/jdk8u65/4987/hotspot/src/share/vm/prims/methodHandles.cpp, line 1146]
Event: 0.516 Thread 0x00007fb4cc004000 Exception <a 'java/lang/NoSuchFieldError': method resolution failed> (0x00000007958dd9b0) thrown at [/Users/java_re/workspace/8-2-build-macosx-x86_64/jdk8u65/4987/hotspot/src/share/vm/prims/methodHandles.cpp, line 1146]
Event: 0.783 Thread 0x00007fb4cc004000 Exception <a 'java/io/FileNotFoundException'> (0x00000007959589d0) thrown at [/Users/java_re/workspace/8-2-build-macosx-x86_64/jdk8u65/4987/hotspot/src/share/vm/prims/jni.cpp, line 709]
Event: 0.783 Thread 0x00007fb4cc004000 Exception <a 'java/io/FileNotFoundException'> (0x0000000795959578) thrown at [/Users/java_re/workspace/8-2-build-macosx-x86_64/jdk8u65/4987/hotspot/src/share/vm/prims/jni.cpp, line 709]

Events (10 events):
Event: 114.029 Executing VM operation: GetCurrentLocation
Event: 114.029 Executing VM operation: GetCurrentLocation done
Event: 114.029 Executing VM operation: EnterInterpOnlyMode
Event: 114.030 Executing VM operation: EnterInterpOnlyMode done
Event: 114.030 Executing VM operation: ChangeSingleStep
Event: 114.030 Executing VM operation: ChangeSingleStep done
Event: 114.030 Executing VM operation: ChangeSingleStep
Event: 114.030 Executing VM operation: ChangeSingleStep done
Event: 114.044 Executing VM operation: RedefineClasses
Event: 114.096 Executing VM operation: RedefineClasses done


Dynamic libraries:
0x000000000a4ca000 	/System/Library/Frameworks/Cocoa.framework/Versions/A/Cocoa
0x000000000a4ca000 	/System/Library/Frameworks/Security.framework/Versions/A/Security
0x000000000a4ca000 	/System/Library/Frameworks/ApplicationServices.framework/Versions/A/ApplicationServices
0x000000000a4ca000 	/usr/lib/libz.1.dylib
0x000000000a4ca000 	/usr/lib/libSystem.B.dylib
0x000000000a4ca000 	/usr/lib/libobjc.A.dylib
0x000000000a4ca000 	/System/Library/Frameworks/CoreFoundation.framework/Versions/A/CoreFoundation
0x000000000a4ca000 	/System/Library/Frameworks/Foundation.framework/Versions/C/Foundation
0x000000000a4ca000 	/System/Library/Frameworks/AppKit.framework/Versions/C/AppKit
0x000000000a4ca000 	/System/Library/Frameworks/CoreData.framework/Versions/A/CoreData
0x000000000a4ca000 	/System/Library/PrivateFrameworks/RemoteViewServices.framework/Versions/A/RemoteViewServices
0x000000000a4ca000 	/System/Library/PrivateFrameworks/UIFoundation.framework/Versions/A/UIFoundation
0x000000000a4ca000 	/usr/lib/libScreenReader.dylib
0x000000000a4ca000 	/System/Library/Frameworks/Accelerate.framework/Versions/A/Accelerate
0x000000000a4ca000 	/System/Library/Frameworks/IOSurface.framework/Versions/A/IOSurface
0x000000000a4ca000 	/System/Library/Frameworks/AudioToolbox.framework/Versions/A/AudioToolbox
0x000000000a4ca000 	/System/Library/Frameworks/AudioUnit.framework/Versions/A/AudioUnit
0x000000000a4ca000 	/System/Library/PrivateFrameworks/DataDetectorsCore.framework/Versions/A/DataDetectorsCore
0x000000000a4ca000 	/System/Library/PrivateFrameworks/DesktopServicesPriv.framework/Versions/A/DesktopServicesPriv
0x000000000a4ca000 	/System/Library/Frameworks/Carbon.framework/Versions/A/Frameworks/HIToolbox.framework/Versions/A/HIToolbox
0x000000000a4ca000 	/System/Library/Frameworks/QuartzCore.framework/Versions/A/QuartzCore
0x000000000a4ca000 	/System/Library/Frameworks/Carbon.framework/Versions/A/Frameworks/SpeechRecognition.framework/Versions/A/SpeechRecognition
0x000000000a4ca000 	/usr/lib/libauto.dylib
0x000000000a4ca000 	/usr/lib/libicucore.A.dylib
0x000000000a4ca000 	/usr/lib/libxml2.2.dylib
0x000000000a4ca000 	/System/Library/PrivateFrameworks/CoreUI.framework/Versions/A/CoreUI
0x000000000a4ca000 	/System/Library/Frameworks/CoreAudio.framework/Versions/A/CoreAudio
0x000000000a4ca000 	/System/Library/Frameworks/DiskArbitration.framework/Versions/A/DiskArbitration
0x000000000a4ca000 	/usr/lib/liblangid.dylib
0x000000000a4ca000 	/System/Library/PrivateFrameworks/MultitouchSupport.framework/Versions/A/MultitouchSupport
0x000000000a4ca000 	/System/Library/Frameworks/IOKit.framework/Versions/A/IOKit
0x000000000a4ca000 	/usr/lib/libDiagnosticMessagesClient.dylib
0x000000000a4ca000 	/System/Library/Frameworks/CoreServices.framework/Versions/A/CoreServices
0x000000000a4ca000 	/System/Library/PrivateFrameworks/PerformanceAnalysis.framework/Versions/A/PerformanceAnalysis
0x000000000a4ca000 	/System/Library/PrivateFrameworks/GenerationalStorage.framework/Versions/A/GenerationalStorage
0x000000000a4ca000 	/System/Library/Frameworks/OpenGL.framework/Versions/A/OpenGL
0x000000000a4ca000 	/System/Library/PrivateFrameworks/Sharing.framework/Versions/A/Sharing
0x000000000a4ca000 	/System/Library/Frameworks/CoreGraphics.framework/Versions/A/CoreGraphics
0x000000000a4ca000 	/System/Library/Frameworks/CoreImage.framework/Versions/A/CoreImage
0x000000000a4ca000 	/System/Library/Frameworks/CoreText.framework/Versions/A/CoreText
0x000000000a4ca000 	/System/Library/Frameworks/ImageIO.framework/Versions/A/ImageIO
0x000000000a4ca000 	/System/Library/PrivateFrameworks/Backup.framework/Versions/A/Backup
0x000000000a4ca000 	/usr/lib/libextension.dylib
0x000000000a4ca000 	/usr/lib/libarchive.2.dylib
0x000000000a4ca000 	/System/Library/Frameworks/CFNetwork.framework/Versions/A/CFNetwork
0x000000000a4ca000 	/System/Library/Frameworks/SystemConfiguration.framework/Versions/A/SystemConfiguration
0x000000000a4ca000 	/usr/lib/libCRFSuite.dylib
0x000000000a4ca000 	/usr/lib/libc++.1.dylib
0x000000000a4ca000 	/usr/lib/libc++abi.dylib
0x000000000a4ca000 	/usr/lib/system/libcache.dylib
0x000000000a4ca000 	/usr/lib/system/libcommonCrypto.dylib
0x000000000a4ca000 	/usr/lib/system/libcompiler_rt.dylib
0x000000000a4ca000 	/usr/lib/system/libcopyfile.dylib
0x000000000a4ca000 	/usr/lib/system/libcorecrypto.dylib
0x000000000a4ca000 	/usr/lib/system/libdispatch.dylib
0x000000000a4ca000 	/usr/lib/system/libdyld.dylib
0x000000000a4ca000 	/usr/lib/system/libkeymgr.dylib
0x000000000a4ca000 	/usr/lib/system/liblaunch.dylib
0x000000000a4ca000 	/usr/lib/system/libmacho.dylib
0x000000000a4ca000 	/usr/lib/system/libquarantine.dylib
0x000000000a4ca000 	/usr/lib/system/libremovefile.dylib
0x000000000a4ca000 	/usr/lib/system/libsystem_asl.dylib
0x000000000a4ca000 	/usr/lib/system/libsystem_blocks.dylib
0x000000000a4ca000 	/usr/lib/system/libsystem_c.dylib
0x000000000a4ca000 	/usr/lib/system/libsystem_configuration.dylib
0x000000000a4ca000 	/usr/lib/system/libsystem_coreservices.dylib
0x000000000a4ca000 	/usr/lib/system/libsystem_coretls.dylib
0x000000000a4ca000 	/usr/lib/system/libsystem_dnssd.dylib
0x000000000a4ca000 	/usr/lib/system/libsystem_info.dylib
0x000000000a4ca000 	/usr/lib/system/libsystem_kernel.dylib
0x000000000a4ca000 	/usr/lib/system/libsystem_m.dylib
0x000000000a4ca000 	/usr/lib/system/libsystem_malloc.dylib
0x000000000a4ca000 	/usr/lib/system/libsystem_network.dylib
0x000000000a4ca000 	/usr/lib/system/libsystem_networkextension.dylib
0x000000000a4ca000 	/usr/lib/system/libsystem_notify.dylib
0x000000000a4ca000 	/usr/lib/system/libsystem_platform.dylib
0x000000000a4ca000 	/usr/lib/system/libsystem_pthread.dylib
0x000000000a4ca000 	/usr/lib/system/libsystem_sandbox.dylib
0x000000000a4ca000 	/usr/lib/system/libsystem_secinit.dylib
0x000000000a4ca000 	/usr/lib/system/libsystem_trace.dylib
0x000000000a4ca000 	/usr/lib/system/libunc.dylib
0x000000000a4ca000 	/usr/lib/system/libunwind.dylib
0x000000000a4ca000 	/usr/lib/system/libxpc.dylib
0x000000000a4ca000 	/usr/lib/libenergytrace.dylib
0x000000000a4ca000 	/usr/lib/libbsm.0.dylib
0x000000000a4ca000 	/usr/lib/system/libkxld.dylib
0x000000000a4ca000 	/usr/lib/libxar.1.dylib
0x000000000a4ca000 	/usr/lib/libsqlite3.dylib
0x000000000a4ca000 	/usr/lib/libpam.2.dylib
0x000000000a4ca000 	/usr/lib/libOpenScriptingUtil.dylib
0x000000000a4ca000 	/usr/lib/libbz2.1.0.dylib
0x000000000a4ca000 	/usr/lib/liblzma.5.dylib
0x000000000a4ca000 	/System/Library/Frameworks/CoreServices.framework/Versions/A/Frameworks/FSEvents.framework/Versions/A/FSEvents
0x000000000a4ca000 	/System/Library/Frameworks/CoreServices.framework/Versions/A/Frameworks/CarbonCore.framework/Versions/A/CarbonCore
0x000000000a4ca000 	/System/Library/Frameworks/CoreServices.framework/Versions/A/Frameworks/Metadata.framework/Versions/A/Metadata
0x000000000a4ca000 	/System/Library/Frameworks/CoreServices.framework/Versions/A/Frameworks/OSServices.framework/Versions/A/OSServices
0x000000000a4ca000 	/System/Library/Frameworks/CoreServices.framework/Versions/A/Frameworks/SearchKit.framework/Versions/A/SearchKit
0x000000000a4ca000 	/System/Library/Frameworks/CoreServices.framework/Versions/A/Frameworks/AE.framework/Versions/A/AE
0x000000000a4ca000 	/System/Library/Frameworks/CoreServices.framework/Versions/A/Frameworks/LaunchServices.framework/Versions/A/LaunchServices
0x000000000a4ca000 	/System/Library/Frameworks/CoreServices.framework/Versions/A/Frameworks/DictionaryServices.framework/Versions/A/DictionaryServices
0x000000000a4ca000 	/System/Library/Frameworks/CoreServices.framework/Versions/A/Frameworks/SharedFileList.framework/Versions/A/SharedFileList
0x000000000a4ca000 	/System/Library/Frameworks/NetFS.framework/Versions/A/NetFS
0x000000000a4ca000 	/System/Library/PrivateFrameworks/NetAuth.framework/Versions/A/NetAuth
0x000000000a4ca000 	/System/Library/PrivateFrameworks/login.framework/Versions/A/Frameworks/loginsupport.framework/Versions/A/loginsupport
0x000000000a4ca000 	/System/Library/PrivateFrameworks/TCC.framework/Versions/A/TCC
0x000000000a4ca000 	/usr/lib/libmecabra.dylib
0x000000000a4ca000 	/System/Library/Frameworks/ApplicationServices.framework/Versions/A/Frameworks/ATS.framework/Versions/A/ATS
0x000000000a4ca000 	/System/Library/Frameworks/ApplicationServices.framework/Versions/A/Frameworks/ColorSync.framework/Versions/A/ColorSync
0x000000000a4ca000 	/System/Library/Frameworks/ApplicationServices.framework/Versions/A/Frameworks/HIServices.framework/Versions/A/HIServices
0x000000000a4ca000 	/System/Library/Frameworks/ApplicationServices.framework/Versions/A/Frameworks/LangAnalysis.framework/Versions/A/LangAnalysis
0x000000000a4ca000 	/System/Library/Frameworks/ApplicationServices.framework/Versions/A/Frameworks/PrintCore.framework/Versions/A/PrintCore
0x000000000a4ca000 	/System/Library/Frameworks/ApplicationServices.framework/Versions/A/Frameworks/QD.framework/Versions/A/QD
0x000000000a4ca000 	/System/Library/Frameworks/ApplicationServices.framework/Versions/A/Frameworks/SpeechSynthesis.framework/Versions/A/SpeechSynthesis
0x000000000a4ca000 	/System/Library/Frameworks/Metal.framework/Versions/A/Metal
0x000000000a4ca000 	/System/Library/Frameworks/Accelerate.framework/Versions/A/Frameworks/vImage.framework/Versions/A/vImage
0x000000000a4ca000 	/System/Library/Frameworks/Accelerate.framework/Versions/A/Frameworks/vecLib.framework/Versions/A/vecLib
0x000000000a4ca000 	/System/Library/Frameworks/Accelerate.framework/Versions/A/Frameworks/vecLib.framework/Versions/A/libvDSP.dylib
0x000000000a4ca000 	/System/Library/Frameworks/Accelerate.framework/Versions/A/Frameworks/vecLib.framework/Versions/A/libvMisc.dylib
0x000000000a4ca000 	/System/Library/Frameworks/Accelerate.framework/Versions/A/Frameworks/vecLib.framework/Versions/A/libLAPACK.dylib
0x000000000a4ca000 	/System/Library/Frameworks/Accelerate.framework/Versions/A/Frameworks/vecLib.framework/Versions/A/libBLAS.dylib
0x000000000a4ca000 	/System/Library/Frameworks/Accelerate.framework/Versions/A/Frameworks/vecLib.framework/Versions/A/libLinearAlgebra.dylib
0x000000000a4ca000 	/System/Library/Frameworks/Accelerate.framework/Versions/A/Frameworks/vecLib.framework/Versions/A/libSparseBLAS.dylib
0x000000000a4ca000 	/System/Library/PrivateFrameworks/GPUCompiler.framework/libmetal_timestamp.dylib
0x000000000a4ca000 	/System/Library/Frameworks/OpenGL.framework/Versions/A/Libraries/libCoreFSCache.dylib
0x000000000a4ca000 	/System/Library/PrivateFrameworks/IOAccelerator.framework/Versions/A/IOAccelerator
0x000000000a4ca000 	/System/Library/Frameworks/ApplicationServices.framework/Versions/A/Frameworks/ATS.framework/Versions/A/Resources/libFontParser.dylib
0x000000000a4ca000 	/System/Library/Frameworks/ApplicationServices.framework/Versions/A/Frameworks/ATS.framework/Versions/A/Resources/libFontRegistry.dylib
0x000000000a4ca000 	/System/Library/PrivateFrameworks/AppleVPA.framework/Versions/A/AppleVPA
0x000000000a4ca000 	/System/Library/PrivateFrameworks/AppleJPEG.framework/Versions/A/AppleJPEG
0x000000000a4ca000 	/System/Library/Frameworks/ImageIO.framework/Versions/A/Resources/libJPEG.dylib
0x000000000a4ca000 	/System/Library/Frameworks/ImageIO.framework/Versions/A/Resources/libTIFF.dylib
0x000000000a4ca000 	/System/Library/Frameworks/ImageIO.framework/Versions/A/Resources/libPng.dylib
0x000000000a4ca000 	/System/Library/Frameworks/ImageIO.framework/Versions/A/Resources/libGIF.dylib
0x000000000a4ca000 	/System/Library/Frameworks/ImageIO.framework/Versions/A/Resources/libJP2.dylib
0x000000000a4ca000 	/System/Library/Frameworks/ImageIO.framework/Versions/A/Resources/libRadiance.dylib
0x000000000a4ca000 	/System/Library/Frameworks/CoreVideo.framework/Versions/A/CoreVideo
0x000000000a4ca000 	/System/Library/Frameworks/OpenGL.framework/Versions/A/Libraries/libGLU.dylib
0x000000000a4ca000 	/System/Library/Frameworks/OpenGL.framework/Versions/A/Libraries/libGFXShared.dylib
0x000000000a4ca000 	/System/Library/Frameworks/OpenGL.framework/Versions/A/Libraries/libGL.dylib
0x000000000a4ca000 	/System/Library/Frameworks/OpenGL.framework/Versions/A/Libraries/libGLImage.dylib
0x000000000a4ca000 	/System/Library/Frameworks/OpenGL.framework/Versions/A/Libraries/libCVMSPluginSupport.dylib
0x000000000a4ca000 	/System/Library/Frameworks/OpenGL.framework/Versions/A/Libraries/libCoreVMClient.dylib
0x000000000a4ca000 	/usr/lib/libcups.2.dylib
0x000000000a4ca000 	/System/Library/Frameworks/Kerberos.framework/Versions/A/Kerberos
0x000000000a4ca000 	/System/Library/Frameworks/GSS.framework/Versions/A/GSS
0x000000000a4ca000 	/usr/lib/libresolv.9.dylib
0x000000000a4ca000 	/usr/lib/libiconv.2.dylib
0x000000000a4ca000 	/System/Library/PrivateFrameworks/Heimdal.framework/Versions/A/Heimdal
0x000000000a4ca000 	/usr/lib/libheimdal-asn1.dylib
0x000000000a4ca000 	/System/Library/Frameworks/OpenDirectory.framework/Versions/A/OpenDirectory
0x000000000a4ca000 	/System/Library/PrivateFrameworks/CommonAuth.framework/Versions/A/CommonAuth
0x000000000a4ca000 	/System/Library/Frameworks/OpenDirectory.framework/Versions/A/Frameworks/CFOpenDirectory.framework/Versions/A/CFOpenDirectory
0x000000000a4ca000 	/System/Library/Frameworks/SecurityFoundation.framework/Versions/A/SecurityFoundation
0x000000000a4ca000 	/System/Library/PrivateFrameworks/LanguageModeling.framework/Versions/A/LanguageModeling
0x000000000a4ca000 	/usr/lib/libmarisa.dylib
0x000000000a4ca000 	/usr/lib/libChineseTokenizer.dylib
0x000000000a4ca000 	/usr/lib/libcmph.dylib
0x000000000a4ca000 	/usr/lib/libcompression.dylib
0x000000000a4ca000 	/System/Library/Frameworks/ServiceManagement.framework/Versions/A/ServiceManagement
0x000000000a4ca000 	/usr/lib/libxslt.1.dylib
0x000000000a4ca000 	/System/Library/Frameworks/Carbon.framework/Versions/A/Frameworks/Ink.framework/Versions/A/Ink
0x000000000a4ca000 	/usr/lib/libFosl_dynamic.dylib
0x000000000a4ca000 	/System/Library/PrivateFrameworks/FaceCore.framework/Versions/A/FaceCore
0x000000000a4ca000 	/System/Library/Frameworks/OpenCL.framework/Versions/A/OpenCL
0x000000000a4ca000 	/System/Library/PrivateFrameworks/CrashReporterSupport.framework/Versions/A/CrashReporterSupport
0x000000000a4ca000 	/System/Library/PrivateFrameworks/IconServices.framework/Versions/A/IconServices
0x000000000a4ca000 	/System/Library/PrivateFrameworks/Apple80211.framework/Versions/A/Apple80211
0x000000000a4ca000 	/System/Library/Frameworks/CoreWLAN.framework/Versions/A/CoreWLAN
0x000000000a4ca000 	/System/Library/Frameworks/IOBluetooth.framework/Versions/A/IOBluetooth
0x000000000a4ca000 	/System/Library/PrivateFrameworks/CoreWiFi.framework/Versions/A/CoreWiFi
0x000000000a4ca000 	/System/Library/Frameworks/CoreBluetooth.framework/Versions/A/CoreBluetooth
0x000000000a4ca000 	/System/Library/PrivateFrameworks/ChunkingLibrary.framework/Versions/A/ChunkingLibrary
0x000000000a4ca000 	/System/Library/PrivateFrameworks/DebugSymbols.framework/Versions/A/DebugSymbols
0x000000000a4ca000 	/System/Library/PrivateFrameworks/CoreSymbolication.framework/Versions/A/CoreSymbolication
0x000000000a4ca000 	/System/Library/PrivateFrameworks/Symbolication.framework/Versions/A/Symbolication
0x000000000a4ca000 	/System/Library/PrivateFrameworks/SpeechRecognitionCore.framework/Versions/A/SpeechRecognitionCore
0x000000010ddd2000 	/Library/Java/JavaVirtualMachines/jdk1.8.0_65.jdk/Contents/Home/jre/lib/server/libjvm.dylib
0x000000000a4ca000 	/usr/lib/libstdc++.6.dylib
0x000000010ed5b000 	/Library/Java/JavaVirtualMachines/jdk1.8.0_65.jdk/Contents/Home/jre/lib/libverify.dylib
0x000000010ed69000 	/Library/Java/JavaVirtualMachines/jdk1.8.0_65.jdk/Contents/Home/jre/lib/libjava.dylib
0x000000010ed9f000 	/Library/Java/JavaVirtualMachines/jdk1.8.0_65.jdk/Contents/Home/jre/lib/libjdwp.dylib
0x000000010edea000 	/Library/Java/JavaVirtualMachines/jdk1.8.0_65.jdk/Contents/Home/jre/lib/libnpt.dylib
0x000000010f200000 	/Library/Java/JavaVirtualMachines/jdk1.8.0_65.jdk/Contents/Home/jre/lib/libzip.dylib
0x000000012452b000 	/System/Library/Frameworks/JavaVM.framework/Frameworks/JavaRuntimeSupport.framework/JavaRuntimeSupport
0x0000000124546000 	/System/Library/Frameworks/JavaVM.framework/Versions/A/Frameworks/JavaNativeFoundation.framework/Versions/A/JavaNativeFoundation
0x000000012455b000 	/System/Library/Frameworks/JavaVM.framework/Versions/A/JavaVM
0x000000000a4ca000 	/System/Library/Frameworks/Carbon.framework/Versions/A/Carbon
0x0000000124568000 	/System/Library/PrivateFrameworks/JavaLaunching.framework/Versions/A/JavaLaunching
0x000000000a4ca000 	/System/Library/Frameworks/Carbon.framework/Versions/A/Frameworks/CommonPanels.framework/Versions/A/CommonPanels
0x000000000a4ca000 	/System/Library/Frameworks/Carbon.framework/Versions/A/Frameworks/Help.framework/Versions/A/Help
0x000000000a4ca000 	/System/Library/Frameworks/Carbon.framework/Versions/A/Frameworks/ImageCapture.framework/Versions/A/ImageCapture
0x000000000a4ca000 	/System/Library/Frameworks/Carbon.framework/Versions/A/Frameworks/OpenScripting.framework/Versions/A/OpenScripting
0x000000000a4ca000 	/System/Library/Frameworks/Carbon.framework/Versions/A/Frameworks/Print.framework/Versions/A/Print
0x000000000a4ca000 	/System/Library/Frameworks/Carbon.framework/Versions/A/Frameworks/SecurityHI.framework/Versions/A/SecurityHI
0x0000000125e86000 	/Library/Java/JavaVirtualMachines/jdk1.8.0_65.jdk/Contents/Home/jre/lib/libdt_socket.dylib
0x0000000125e8f000 	/Library/Java/JavaVirtualMachines/jdk1.8.0_65.jdk/Contents/Home/jre/lib/libawt.dylib
0x0000000125f37000 	/Library/Java/JavaVirtualMachines/jdk1.8.0_65.jdk/Contents/Home/jre/lib/./libmlib_image.dylib
0x0000000126003000 	/Library/Java/JavaVirtualMachines/jdk1.8.0_65.jdk/Contents/Home/jre/lib/libawt_lwawt.dylib
0x00000001260b8000 	/Library/Java/JavaVirtualMachines/jdk1.8.0_65.jdk/Contents/Home/jre/lib/./libosxapp.dylib
0x000000000a4ca000 	/System/Library/Frameworks/ExceptionHandling.framework/Versions/A/ExceptionHandling
0x000000000a4ca000 	/System/Library/PrivateFrameworks/CoreServicesInternal.framework/Versions/A/CoreServicesInternal
0x000000000a4ca000 	/System/Library/Frameworks/CoreGraphics.framework/Versions/A/Resources/libRIP.A.dylib
0x000000000a4ca000 	/System/Library/Frameworks/Accelerate.framework/Versions/A/Frameworks/vImage.framework/Versions/A/Libraries/libCGInterfaces.dylib
0x000000000a4ca000 	/System/Library/Frameworks/CoreGraphics.framework/Versions/A/Resources/libCGXType.A.dylib
0x000000000a4ca000 	/System/Library/Frameworks/OpenCL.framework/Versions/A/Libraries/libcldcpuengine.dylib
0x000000000a4ca000 	/System/Library/PrivateFrameworks/DiskImages.framework/Versions/A/DiskImages
0x000000000a4ca000 	/System/Library/Frameworks/DiscRecording.framework/Versions/A/DiscRecording
0x000000000a4ca000 	/usr/lib/libcsfde.dylib
0x000000000a4ca000 	/usr/lib/libcurl.4.dylib
0x000000000a4ca000 	/System/Library/PrivateFrameworks/MediaKit.framework/Versions/A/MediaKit
0x000000000a4ca000 	/System/Library/PrivateFrameworks/ProtectedCloudStorage.framework/Versions/A/ProtectedCloudStorage
0x000000000a4ca000 	/usr/lib/libCoreStorage.dylib
0x000000000a4ca000 	/System/Library/PrivateFrameworks/EFILogin.framework/Versions/A/EFILogin
0x000000000a4ca000 	/usr/lib/libutil.dylib
0x000000000a4ca000 	/System/Library/PrivateFrameworks/FindMyDevice.framework/Versions/A/FindMyDevice
0x000000000a4ca000 	/System/Library/Frameworks/LDAP.framework/Versions/A/LDAP
0x000000000a4ca000 	/usr/lib/libsasl2.2.dylib
0x000000000a4ca000 	/System/Library/PrivateFrameworks/CoreDaemon.framework/Versions/B/CoreDaemon
0x000000000a4ca000 	/usr/lib/libcrypto.0.9.8.dylib
0x000000000a4ca000 	/System/Library/PrivateFrameworks/AppleSRP.framework/Versions/A/AppleSRP
0x000000000a4ca000 	/System/Library/PrivateFrameworks/TrustEvaluationAgent.framework/Versions/A/TrustEvaluationAgent
0x00000001276e1000 	cl_kernels
0x000000000a4ca000 	/System/Library/Frameworks/OpenCL.framework/Versions/A/Libraries/ImageFormats/unorm8_bgra.dylib
0x000000000a4ca000 	/System/Library/Frameworks/OpenCL.framework/Versions/A/Libraries/ImageFormats/unorm8_rgba.dylib
0x000000000a4ca000 	/System/Library/PrivateFrameworks/FamilyControls.framework/Versions/A/FamilyControls
0x000000000a4ca000 	/System/Library/PrivateFrameworks/CommerceKit.framework/Versions/A/Frameworks/CommerceCore.framework/Versions/A/CommerceCore
0x000000000a4ca000 	/System/Library/PrivateFrameworks/SystemAdministration.framework/Versions/A/SystemAdministration
0x000000000a4ca000 	/System/Library/PrivateFrameworks/AppContainer.framework/Versions/A/AppContainer
0x000000000a4ca000 	/System/Library/PrivateFrameworks/SecCodeWrapper.framework/Versions/A/SecCodeWrapper
0x000000000a4ca000 	/System/Library/Frameworks/DirectoryService.framework/Versions/A/DirectoryService
0x000000000a4ca000 	/System/Library/PrivateFrameworks/LoginUIKit.framework/Versions/A/Frameworks/LoginUICore.framework/Versions/A/LoginUICore
0x000000000a4ca000 	/usr/lib/libodfde.dylib
0x000000012881e000 	/Library/Java/JavaVirtualMachines/jdk1.8.0_65.jdk/Contents/Home/jre/lib/libfontmanager.dylib
0x0000000126d87000 	/Library/Java/JavaVirtualMachines/jdk1.8.0_65.jdk/Contents/Home/jre/lib/libosxui.dylib
0x000000000a4ca000 	/System/Library/Frameworks/OpenGL.framework/Versions/A/Resources/GLEngine.bundle/GLEngine
0x000000000a4ca000 	/System/Library/Frameworks/OpenGL.framework/Versions/A/Libraries/libGLProgrammability.dylib
0x00000001292c3000 	/System/Library/Extensions/GeForceTeslaGLDriver.bundle/Contents/MacOS/GeForceTeslaGLDriver
0x000000012ae83000 	/System/Library/Extensions/GeForceTeslaGLDriver.bundle/Contents/MacOS/libclh.dylib
0x000000000a4ca000 	/System/Library/PrivateFrameworks/GPUSupport.framework/Versions/A/Libraries/libGPUSupport.dylib
0x000000000a4ca000 	/System/Library/Frameworks/OpenGL.framework/Versions/A/Resources/GLRendererFloat.bundle/GLRendererFloat
0x000000012c11f000 	/Library/Java/JavaVirtualMachines/jdk1.8.0_65.jdk/Contents/Home/jre/lib/libnet.dylib
0x000000012c17e000 	/Library/Java/JavaVirtualMachines/jdk1.8.0_65.jdk/Contents/Home/jre/lib/libnio.dylib
0x000000000a4ca000 	/System/Library/Frameworks/ApplicationServices.framework/Versions/A/Frameworks/ATS.framework/Versions/A/Resources/libTrueTypeScaler.dylib
0x000000017d428000 	/Library/Java/JavaVirtualMachines/jdk1.8.0_65.jdk/Contents/Home/jre/lib/libsunec.dylib

VM Arguments:
jvm_args: -agentlib:jdwp=transport=dt_socket,suspend=y,address=localhost:52863 -Dfile.encoding=UTF-8 
java_command: main.ciaoMain
java_class_path (initial): /Users/artemiocacanindin/Documents/Git Projects/ciao/bin:/Users/artemiocacanindin/Documents/Git Projects/ciao/lib/json-20160212.jar:/Users/artemiocacanindin/Documents/Git Projects/ciao/miglayout15-swing.jar
Launcher Type: SUN_STANDARD

Environment Variables:
PATH=/usr/bin:/bin:/usr/sbin:/sbin
SHELL=/bin/bash

Signal Handlers:
SIGSEGV: [libjvm.dylib+0x5a6d31], sa_mask[0]=11111111011111110111111111111111, sa_flags=SA_ONSTACK|SA_RESTART|SA_SIGINFO
SIGBUS: [libjvm.dylib+0x5a6d31], sa_mask[0]=11111111011111110111111111111111, sa_flags=SA_RESTART|SA_SIGINFO
SIGFPE: [libjvm.dylib+0x480a40], sa_mask[0]=11111111011111110111111111111111, sa_flags=SA_RESTART|SA_SIGINFO
SIGPIPE: [libjvm.dylib+0x480a40], sa_mask[0]=11111111011111110111111111111111, sa_flags=SA_RESTART|SA_SIGINFO
SIGXFSZ: [libjvm.dylib+0x480a40], sa_mask[0]=11111111011111110111111111111111, sa_flags=SA_RESTART|SA_SIGINFO
SIGILL: [libjvm.dylib+0x480a40], sa_mask[0]=11111111011111110111111111111111, sa_flags=SA_RESTART|SA_SIGINFO
SIGUSR1: SIG_DFL, sa_mask[0]=00000000000000000000000000000000, sa_flags=none
SIGUSR2: [libjvm.dylib+0x48055e], sa_mask[0]=00100000000000000000000000000000, sa_flags=SA_RESTART|SA_SIGINFO
SIGHUP: [libjvm.dylib+0x47eb35], sa_mask[0]=11111111011111110111111111111111, sa_flags=SA_RESTART|SA_SIGINFO
SIGINT: [libjvm.dylib+0x47eb35], sa_mask[0]=11111111011111110111111111111111, sa_flags=SA_RESTART|SA_SIGINFO
SIGTERM: [libjvm.dylib+0x47eb35], sa_mask[0]=11111111011111110111111111111111, sa_flags=SA_RESTART|SA_SIGINFO
SIGQUIT: [libjvm.dylib+0x47eb35], sa_mask[0]=11111111011111110111111111111111, sa_flags=SA_RESTART|SA_SIGINFO


---------------  S Y S T E M  ---------------

OS:Bsduname:Darwin 15.4.0 Darwin Kernel Version 15.4.0: Fri Feb 26 22:08:05 PST 2016; root:xnu-3248.40.184~3/RELEASE_X86_64 x86_64
rlimit: STACK 8192k, CORE 0k, NPROC 709, NOFILE 10240, AS infinity
load average:1.76 1.59 1.56

CPU:total 2 (2 cores per cpu, 1 threads per core) family 6 model 23 stepping 10, cmov, cx8, fxsr, mmx, sse, sse2, sse3, ssse3, sse4.1, tsc

Memory: 4k page, physical 8388608k(293384k free)

/proc/meminfo:


vm_info: Java HotSpot(TM) 64-Bit Server VM (25.65-b01) for bsd-amd64 JRE (1.8.0_65-b17), built on Oct  6 2015 15:36:46 by "java_re" with gcc 4.2.1 (Based on Apple Inc. build 5658) (LLVM build 2336.11.00)

time: Sat Apr 16 00:57:39 2016
elapsed time: 114 seconds (0d 0h 1m 54s)

